blade_app/build/intermediates/manifest_merge_blame_file/debug/manifest-merger-blame-debug-report.txt
1<?xml version="1.0" encoding="utf-8"?>
2<manifest xmlns:android="http://schemas.android.com/apk/res/android"
3    package="com.nifo.blades.accessibilityapp"
4    android:versionCode="1"
5    android:versionName="1.0" >
6
7    <uses-sdk
8        android:minSdkVersion="22"
8-->src/main/AndroidManifest.xml
9        android:targetSdkVersion="27" />
9-->src/main/AndroidManifest.xml
10
11    <!-- Added for experimenting with remote input -->
12    <uses-permission android:name="android.permission.WAKE_LOCK" />
12-->src/main/AndroidManifest.xml:6:5-68
12-->src/main/AndroidManifest.xml:6:22-65
13    <uses-permission android:name="android.permission.DISABLE_KEYGUARD" />
13-->src/main/AndroidManifest.xml:7:5-75
13-->src/main/AndroidManifest.xml:7:22-72
14
15    <application
15-->src/main/AndroidManifest.xml:9:5-40:19
16        android:name="com.nifo.accessibility.blade_app.BladeSampleApplication"
16-->src/main/AndroidManifest.xml:10:9-79
17        android:allowBackup="true"
17-->src/main/AndroidManifest.xml:11:9-35
18        android:debuggable="true"
19        android:icon="@mipmap/ic_launcher"
19-->src/main/AndroidManifest.xml:12:9-43
20        android:label="@string/app_name"
20-->src/main/AndroidManifest.xml:13:9-41
21        android:roundIcon="@mipmap/ic_launcher_round"
21-->src/main/AndroidManifest.xml:14:9-54
22        android:supportsRtl="true"
22-->src/main/AndroidManifest.xml:15:9-35
23        android:testOnly="true"
24        android:theme="@style/AppTheme" >
24-->src/main/AndroidManifest.xml:16:9-40
25        <activity android:name="com.nifo.accessibility.blade_app.MainActivity" >
25-->src/main/AndroidManifest.xml:17:9-23:20
25-->src/main/AndroidManifest.xml:17:19-79
26            <intent-filter>
26-->src/main/AndroidManifest.xml:18:13-22:29
27                <action android:name="android.intent.action.MAIN" />
27-->src/main/AndroidManifest.xml:19:17-69
27-->src/main/AndroidManifest.xml:19:25-66
28
29                <category android:name="android.intent.category.LAUNCHER" />
29-->src/main/AndroidManifest.xml:21:17-77
29-->src/main/AndroidManifest.xml:21:27-74
30            </intent-filter>
31        </activity>
32
33        <service
33-->src/main/AndroidManifest.xml:24:9-30:19
34            android:name="com.nifo.accessibility.blade_app.MyAccessibilityService"
34-->src/main/AndroidManifest.xml:24:18-88
35            android:label="@string/accessibility_service_label"
35-->src/main/AndroidManifest.xml:26:13-64
36            android:permission="android.permission.BIND_ACCESSIBILITY_SERVICE" >
36-->src/main/AndroidManifest.xml:25:13-79
37            <intent-filter>
37-->src/main/AndroidManifest.xml:27:13-29:29
38                <action android:name="android.accessibilityservice.AccessibilityService" />
38-->src/main/AndroidManifest.xml:28:17-92
38-->src/main/AndroidManifest.xml:28:25-89
39            </intent-filter>
40        </service>
41
42        <receiver
42-->src/main/AndroidManifest.xml:32:9-39:20
43            android:name="com.nifo.accessibility.blade_app.dynamic_theme_receiver"
43-->src/main/AndroidManifest.xml:33:13-83
44            android:enabled="true"
44-->src/main/AndroidManifest.xml:34:13-35
45            android:exported="true" >
45-->src/main/AndroidManifest.xml:35:13-36
46            <intent-filter>
46-->src/main/AndroidManifest.xml:36:13-38:29
47                <action android:name="com.vuzix.intent.action.UI_DISPLAY_MODE" />
47-->src/main/AndroidManifest.xml:37:17-82
47-->src/main/AndroidManifest.xml:37:25-79
48            </intent-filter>
49        </receiver>
50    </application>
51
52</manifest>